Solid Edge Translation to STL
Date: Friday,February 16,2024 05:30PM
Source File:D:\Projects\STP\Quadcopter\CAD model\_Sub_Mechanical_Project\v1_20240203\Design Folder\_MECH_Quadcopter\_MECH_Quadcopter.asm
Source System: SOLID EDGE

Hardware:
Processor: 12th Gen Intel(R) Core(TM) i7-12700H
Operating System: Windows 10
Installed Memory: 15.67 GB

Software Information:
Parasolid Version: 35.0.149
PSBodyshop Version: 35.0.82
Solid Edge Version: 223.00.00.101 x64

STL Export Options:
Output File Format:BINARY
Export Displayed Parts:On
structureOption: Monolithic
Export Units:Millimeter
Export Tolerance Value:0.250000
Export Tolerance Type:Custom
Export Surface Plane Angle Value:0.785398

Translation progress:
Phase 1 of 2 Fetching Parasolid information...
Number of STL file Created : 1
Translation process completed
Time required to translate:00 : 00 : 00
